#
# A fatal error has been detected by the Java Runtime Environment:
#
#  EXCEPTION_ACCESS_VIOLATION (0xc0000005) at pc=0x00007ffabd828876, pid=14160, tid=13064
#
# JRE version: Java(TM) SE Runtime Environment 18.9 (11.0.11+9) (build 11.0.11+9-LTS-194)
# Java VM: Java HotSpot(TM) 64-Bit Server VM 18.9 (11.0.11+9-LTS-194, mixed mode, tiered, compressed oops, g1 gc, windows-amd64)
# Problematic frame:
# V  [jvm.dll+0x188876]
#
# No core dump will be written. Minidumps are not enabled by default on client versions of Windows
#
# If you would like to submit a bug report, please visit:
#   https://bugreport.java.com/bugreport/crash.jsp
#

---------------  S U M M A R Y ------------

Command Line: -XX:MaxMetaspaceSize=256m -XX:+HeapDumpOnOutOfMemoryError --add-opens=java.base/java.util=ALL-UNNAMED --add-opens=java.base/java.lang=ALL-UNNAMED --add-opens=java.base/java.lang.invoke=ALL-UNNAMED --add-opens=java.base/java.util=ALL-UNNAMED --add-opens=java.prefs/java.util.prefs=ALL-UNNAMED --add-opens=java.prefs/java.util.prefs=ALL-UNNAMED --add-opens=java.base/java.nio.charset=ALL-UNNAMED --add-opens=java.base/java.net=ALL-UNNAMED --add-opens=java.base/java.util.concurrent.atomic=ALL-UNNAMED -Xms256m -Xmx512m -Dfile.encoding=windows-1252 -Duser.country=BR -Duser.language=pt -Duser.variant org.gradle.launcher.daemon.bootstrap.GradleDaemon 7.1.1

Host: Intel(R) Core(TM) i5-3330 CPU @ 3.00GHz, 4 cores, 7G,  Windows 10 , 64 bit Build 19041 (10.0.19041.1151)
Time: Thu Aug 26 17:39:31 2021 Hora oficial do Brasil elapsed time: 11.177032 seconds (0d 0h 0m 11s)

---------------  T H R E A D  ---------------

Current thread (0x000002a27d749800):  GCTaskThread "GC Thread#3" [stack: 0x000000adf7d00000,0x000000adf7e00000] [id=13064]

Stack: [0x000000adf7d00000,0x000000adf7e00000],  sp=0x000000adf7dfef18,  free space=1019k
Native frames: (J=compiled Java code, j=interpreted, Vv=VM code, C=native code)
V  [jvm.dll+0x188876]


siginfo: EXCEPTION_ACCESS_VIOLATION (0xc0000005), reading address 0x0000000000000008


Register to memory mapping:

RIP=0x00007ffabd828876 jvm.dll
RAX=0x0000000000000001 is an unknown value
RBX=0x00000000eceb5cd0 is pointing into object: java.lang.reflect.Method 
{0x00000000eceb5ca8} - klass: 'java/lang/reflect/Method'
RCX=0x00000000ee182b5c is pointing into object: java.lang.Class 
{0x00000000ee182b58} - klass: 'java/lang/Class'
RDX=0x00000000ee182b5c is pointing into object: java.lang.Class 
{0x00000000ee182b58} - klass: 'java/lang/Class'
RSP=0x000000adf7dfef18 points into unknown readable memory: 9e 90 99 bd fa 7f 00 00
RBP=0x000002a27d43d820 points into unknown readable memory: 48 4c ef bd fa 7f 00 00
RSI=0x000002a27d43d820 points into unknown readable memory: 48 4c ef bd fa 7f 00 00
RDI=0x0000000000000001 is an unknown value
R8 =0x00000000ee182b5c is pointing into object: java.lang.Class 
{0x00000000ee182b58} - klass: 'java/lang/Class'
R9 =0x0 is NULL
R10=0x00000000eceb5cb8 is pointing into object: java.lang.reflect.Method 
{0x00000000eceb5ca8} - klass: 'java/lang/reflect/Method'
R11=0x000002a27d43d990 points into unknown readable memory: 00 4c ef bd fa 7f 00 00
R12=0x0 is NULL
R13=0x0000000000000040 is an unknown value
R14=0x00000000ee182b5c is pointing into object: java.lang.Class 
{0x00000000ee182b58} - klass: 'java/lang/Class'
R15=0x2000040e00000000 is an unknown value


Registers:
RAX=0x0000000000000001, RBX=0x00000000eceb5cd0, RCX=0x00000000ee182b5c, RDX=0x00000000ee182b5c
RSP=0x000000adf7dfef18, RBP=0x000002a27d43d820, RSI=0x000002a27d43d820, RDI=0x0000000000000001
R8 =0x00000000ee182b5c, R9 =0x0000000000000000, R10=0x00000000eceb5cb8, R11=0x000002a27d43d990
R12=0x0000000000000000, R13=0x0000000000000040, R14=0x00000000ee182b5c, R15=0x2000040e00000000
RIP=0x00007ffabd828876, EFLAGS=0x0000000000010246

Top of Stack: (sp=0x000000adf7dfef18)
0x000000adf7dfef18:   00007ffabd99909e 00000000eceb5c01
0x000000adf7dfef28:   000002a27d43d820 00000000eceb5ca8
0x000000adf7dfef38:   00007ffabd96fa7e 00000000ecea2878
0x000000adf7dfef48:   00000000000027e3 0000002200000010
0x000000adf7dfef58:   0000000000000040 000002a27d43d820
0x000000adf7dfef68:   0000000000000040 000002a278d12bc0
0x000000adf7dfef78:   0000000000000040 0000000000000000
0x000000adf7dfef88:   000002a278d12b40 0000000000000020
0x000000adf7dfef98:   00007ffabd9979e3 000002a278d12b40
0x000000adf7dfefa8:   00007ffabd999772 000000000000000d
0x000000adf7dfefb8:   00000000eceb5cd0 0000000000000000
0x000000adf7dfefc8:   00000000eceb5cd1 000000adf7dff060
0x000000adf7dfefd8:   00007ffabd9994f9 000002a27e9a6a01
0x000000adf7dfefe8:   000002a27d43d820 0000000000000020
0x000000adf7dfeff8:   000002a278d0e110 000002a27e9a6a48
0x000000adf7dff008:   000002a27d162010 0000000000000000 

Instructions: (pc=0x00007ffabd828876)
0x00007ffabd828856:   00 48 8b 51 08 48 8b c8 e9 0d 00 00 00 cc cc cc
0x00007ffabd828866:   cc cc cc cc cc cc cc cc cc cc 4c 8b ca 48 8b d1
0x00007ffabd828876:   45 8b 41 08 45 85 c0 7e 0e 41 f6 c0 01 75 56 41
0x00007ffabd828886:   c1 f8 03 41 8b c0 c3 79 4c 80 3d fb 45 8a 00 00 


Stack slot to memory mapping:
stack at sp + 0 slots: 0x00007ffabd99909e jvm.dll
stack at sp + 1 slots: 0x00000000eceb5c01 is pointing into object: java.lang.reflect.Method 
{0x00000000eceb5bb8} - klass: 'java/lang/reflect/Method'
stack at sp + 2 slots: 0x000002a27d43d820 points into unknown readable memory: 48 4c ef bd fa 7f 00 00
stack at sp + 3 slots: 0x00000000eceb5ca8 is an oop: java.lang.reflect.Method 
{0x00000000eceb5ca8} - klass: 'java/lang/reflect/Method'
stack at sp + 4 slots: 0x00007ffabd96fa7e jvm.dll
stack at sp + 5 slots: 0x00000000ecea2878 is an oop: java.lang.Class 
{0x00000000ecea2878} - klass: 'java/lang/Class'
stack at sp + 6 slots: 0x00000000000027e3 is an unknown value
stack at sp + 7 slots: 0x0000002200000010 is an unknown value


---------------  P R O C E S S  ---------------

Threads class SMR info:
_java_thread_list=0x000002a27e8f79b0, length=20, elements={
0x000002a278cf9000, 0x000002a27c5e0800, 0x000002a27c5e1800, 0x000002a27c5fd800,
0x000002a27c600000, 0x000002a27c602000, 0x000002a27c605800, 0x000002a27cfe1800,
0x000002a27d0ce000, 0x000002a27d0d1800, 0x000002a27e3e0800, 0x000002a27eaa2800,
0x000002a27eaa3000, 0x000002a27d71f800, 0x000002a27df6e000, 0x000002a27d254800,
0x000002a27d255800, 0x000002a27ef62800, 0x000002a27de1b800, 0x000002a27de1c000
}

Java Threads: ( => current thread )
  0x000002a278cf9000 JavaThread "main" [_thread_blocked, id=13756, stack(0x000000adf6900000,0x000000adf6a00000)]
  0x000002a27c5e0800 JavaThread "Reference Handler" daemon [_thread_blocked, id=6752, stack(0x000000adf7000000,0x000000adf7100000)]
  0x000002a27c5e1800 JavaThread "Finalizer" daemon [_thread_blocked, id=4852, stack(0x000000adf7100000,0x000000adf7200000)]
  0x000002a27c5fd800 JavaThread "Signal Dispatcher" daemon [_thread_blocked, id=16248, stack(0x000000adf7200000,0x000000adf7300000)]
  0x000002a27c600000 JavaThread "Attach Listener" daemon [_thread_blocked, id=16376, stack(0x000000adf7300000,0x000000adf7400000)]
  0x000002a27c602000 JavaThread "C2 CompilerThread0" daemon [_thread_blocked, id=10036, stack(0x000000adf7400000,0x000000adf7500000)]
  0x000002a27c605800 JavaThread "C1 CompilerThread0" daemon [_thread_blocked, id=15456, stack(0x000000adf7500000,0x000000adf7600000)]
  0x000002a27cfe1800 JavaThread "Sweeper thread" daemon [_thread_blocked, id=4692, stack(0x000000adf7600000,0x000000adf7700000)]
  0x000002a27d0ce000 JavaThread "Common-Cleaner" daemon [_thread_blocked, id=7680, stack(0x000000adf7700000,0x000000adf7800000)]
  0x000002a27d0d1800 JavaThread "Service Thread" daemon [_thread_blocked, id=15652, stack(0x000000adf7800000,0x000000adf7900000)]
  0x000002a27e3e0800 JavaThread "Daemon health stats" [_thread_blocked, id=2256, stack(0x000000adf7a00000,0x000000adf7b00000)]
  0x000002a27eaa2800 JavaThread "Incoming local TCP Connector on port 56838" [_thread_in_native, id=956, stack(0x000000adf7e00000,0x000000adf7f00000)]
  0x000002a27eaa3000 JavaThread "Daemon periodic checks" [_thread_blocked, id=3460, stack(0x000000adf7f00000,0x000000adf8000000)]
  0x000002a27d71f800 JavaThread "Daemon" [_thread_blocked, id=8652, stack(0x000000adf8000000,0x000000adf8100000)]
  0x000002a27df6e000 JavaThread "Handler for socket connection from /127.0.0.1:56838 to /127.0.0.1:56856" [_thread_in_native, id=16956, stack(0x000000adf8100000,0x000000adf8200000)]
  0x000002a27d254800 JavaThread "Cancel handler" [_thread_blocked, id=13616, stack(0x000000adf8200000,0x000000adf8300000)]
  0x000002a27d255800 JavaThread "Daemon worker" [_thread_blocked, id=11880, stack(0x000000adf8300000,0x000000adf8400000)]
  0x000002a27ef62800 JavaThread "Asynchronous log dispatcher for DefaultDaemonConnection: socket connection from /127.0.0.1:56838 to /127.0.0.1:56856" [_thread_blocked, id=15468, stack(0x000000adf8400000,0x000000adf8500000)]
  0x000002a27de1b800 JavaThread "Stdin handler" [_thread_blocked, id=15384, stack(0x000000adf8500000,0x000000adf8600000)]
  0x000002a27de1c000 JavaThread "Daemon client event forwarder" [_thread_blocked, id=14808, stack(0x000000adf8600000,0x000000adf8700000)]

Other Threads:
  0x000002a27c5b8000 VMThread "VM Thread" [stack: 0x000000adf6f00000,0x000000adf7000000] [id=2096]
  0x000002a27d113000 WatcherThread [stack: 0x000000adf7900000,0x000000adf7a00000] [id=4888]
  0x000002a278d11800 GCTaskThread "GC Thread#0" [stack: 0x000000adf6a00000,0x000000adf6b00000] [id=15388]
  0x000002a27d3c9800 GCTaskThread "GC Thread#1" [stack: 0x000000adf7b00000,0x000000adf7c00000] [id=13672]
  0x000002a27d1aa000 GCTaskThread "GC Thread#2" [stack: 0x000000adf7c00000,0x000000adf7d00000] [id=11776]
=>0x000002a27d749800 GCTaskThread "GC Thread#3" [stack: 0x000000adf7d00000,0x000000adf7e00000] [id=13064]
  0x000002a278d22000 ConcurrentGCThread "G1 Main Marker" [stack: 0x000000adf6b00000,0x000000adf6c00000] [id=13980]
  0x000002a278d23800 ConcurrentGCThread "G1 Conc#0" [stack: 0x000000adf6c00000,0x000000adf6d00000] [id=344]
  0x000002a278dde000 ConcurrentGCThread "G1 Refine#0" [stack: 0x000000adf6d00000,0x000000adf6e00000] [id=15820]
  0x000002a27c452800 ConcurrentGCThread "G1 Young RemSet Sampling" [stack: 0x000000adf6e00000,0x000000adf6f00000] [id=15956]

Threads with active compile tasks:

VM state:at safepoint (normal execution)

VM Mutex/Monitor currently owned by a thread:  ([mutex/lock_event])
[0x000002a278cf5240] Threads_lock - owner thread: 0x000002a27c5b8000
[0x000002a278cf4550] Heap_lock - owner thread: 0x000002a27d255800

Heap address: 0x00000000e0000000, size: 512 MB, Compressed Oops mode: 32-bit
Narrow klass base: 0x0000000000000000, Narrow klass shift: 3
Compressed class space size: 260046848 Address: 0x0000000100000000

Heap:
 garbage-first heap   total 262144K, used 56809K [0x00000000e0000000, 0x0000000100000000)
  region size 1024K, 50 young (51200K), 6 survivors (6144K)
 Metaspace       used 18530K, capacity 18946K, committed 19072K, reserved 272384K
  class space    used 2203K, capacity 2332K, committed 2432K, reserved 253952K
Heap Regions: E=young(eden), S=young(survivor), O=old, HS=humongous(starts), HC=humongous(continues), CS=collection set, F=free, A=archive, TAMS=top-at-mark-start (previous, next)
|   0|0x00000000e0000000, 0x00000000e0100000, 0x00000000e0100000|100%| O|  |TAMS 0x00000000e0000000, 0x00000000e0000000| Untracked 
|   1|0x00000000e0100000, 0x00000000e0200000, 0x00000000e0200000|100%| O|  |TAMS 0x00000000e0100000, 0x00000000e0100000| Untracked 
|   2|0x00000000e0200000, 0x00000000e0300000, 0x00000000e0300000|100%| O|  |TAMS 0x00000000e0200000, 0x00000000e0200000| Untracked 
|   3|0x00000000e0300000, 0x00000000e0400000, 0x00000000e0400000|100%|HS|  |TAMS 0x00000000e0300000, 0x00000000e0300000| Complete 
|   4|0x00000000e0400000, 0x00000000e0500000, 0x00000000e0500000|100%|HC|  |TAMS 0x00000000e0400000, 0x00000000e0400000| Complete 
|   5|0x00000000e0500000, 0x00000000e0600000, 0x00000000e0600000|100%|HC|  |TAMS 0x00000000e0500000, 0x00000000e0500000| Complete 
|   6|0x00000000e0600000, 0x00000000e0700000, 0x00000000e0700000|100%| O|  |TAMS 0x00000000e0600000, 0x00000000e0600000| Untracked 
|   7|0x00000000e0700000, 0x00000000e0800000, 0x00000000e0800000|100%| O|  |TAMS 0x00000000e0700000, 0x00000000e0700000| Untracked 
|   8|0x00000000e0800000, 0x00000000e0900000, 0x00000000e0900000|100%| O|  |TAMS 0x00000000e0800000, 0x00000000e0800000| Untracked 
|   9|0x00000000e0900000, 0x00000000e09cce30, 0x00000000e0a00000| 80%| O|  |TAMS 0x00000000e0900000, 0x00000000e0900000| Untracked 
|  10|0x00000000e0a00000, 0x00000000e0a00000, 0x00000000e0b00000|  0%| F|  |TAMS 0x00000000e0a00000, 0x00000000e0a00000| Untracked 
|  11|0x00000000e0b00000, 0x00000000e0b00000, 0x00000000e0c00000|  0%| F|  |TAMS 0x00000000e0b00000, 0x00000000e0b00000| Untracked 
|  12|0x00000000e0c00000, 0x00000000e0c00000, 0x00000000e0d00000|  0%| F|  |TAMS 0x00000000e0c00000, 0x00000000e0c00000| Untracked 
|  13|0x00000000e0d00000, 0x00000000e0d00000, 0x00000000e0e00000|  0%| F|  |TAMS 0x00000000e0d00000, 0x00000000e0d00000| Untracked 
|  14|0x00000000e0e00000, 0x00000000e0e00000, 0x00000000e0f00000|  0%| F|  |TAMS 0x00000000e0e00000, 0x00000000e0e00000| Untracked 
|  15|0x00000000e0f00000, 0x00000000e0f00000, 0x00000000e1000000|  0%| F|  |TAMS 0x00000000e0f00000, 0x00000000e0f00000| Untracked 
|  16|0x00000000e1000000, 0x00000000e1000000, 0x00000000e1100000|  0%| F|  |TAMS 0x00000000e1000000, 0x00000000e1000000| Untracked 
|  17|0x00000000e1100000, 0x00000000e1100000, 0x00000000e1200000|  0%| F|  |TAMS 0x00000000e1100000, 0x00000000e1100000| Untracked 
|  18|0x00000000e1200000, 0x00000000e1200000, 0x00000000e1300000|  0%| F|  |TAMS 0x00000000e1200000, 0x00000000e1200000| Untracked 
|  19|0x00000000e1300000, 0x00000000e1300000, 0x00000000e1400000|  0%| F|  |TAMS 0x00000000e1300000, 0x00000000e1300000| Untracked 
|  20|0x00000000e1400000, 0x00000000e1400000, 0x00000000e1500000|  0%| F|  |TAMS 0x00000000e1400000, 0x00000000e1400000| Untracked 
|  21|0x00000000e1500000, 0x00000000e1500000, 0x00000000e1600000|  0%| F|  |TAMS 0x00000000e1500000, 0x00000000e1500000| Untracked 
|  22|0x00000000e1600000, 0x00000000e1600000, 0x00000000e1700000|  0%| F|  |TAMS 0x00000000e1600000, 0x00000000e1600000| Untracked 
|  23|0x00000000e1700000, 0x00000000e1700000, 0x00000000e1800000|  0%| F|  |TAMS 0x00000000e1700000, 0x00000000e1700000| Untracked 
|  24|0x00000000e1800000, 0x00000000e1800000, 0x00000000e1900000|  0%| F|  |TAMS 0x00000000e1800000, 0x00000000e1800000| Untracked 
|  25|0x00000000e1900000, 0x00000000e1900000, 0x00000000e1a00000|  0%| F|  |TAMS 0x00000000e1900000, 0x00000000e1900000| Untracked 
|  26|0x00000000e1a00000, 0x00000000e1a00000, 0x00000000e1b00000|  0%| F|  |TAMS 0x00000000e1a00000, 0x00000000e1a00000| Untracked 
|  27|0x00000000e1b00000, 0x00000000e1b00000, 0x00000000e1c00000|  0%| F|  |TAMS 0x00000000e1b00000, 0x00000000e1b00000| Untracked 
|  28|0x00000000e1c00000, 0x00000000e1c00000, 0x00000000e1d00000|  0%| F|  |TAMS 0x00000000e1c00000, 0x00000000e1c00000| Untracked 
|  29|0x00000000e1d00000, 0x00000000e1d00000, 0x00000000e1e00000|  0%| F|  |TAMS 0x00000000e1d00000, 0x00000000e1d00000| Untracked 
|  30|0x00000000e1e00000, 0x00000000e1e00000, 0x00000000e1f00000|  0%| F|  |TAMS 0x00000000e1e00000, 0x00000000e1e00000| Untracked 
|  31|0x00000000e1f00000, 0x00000000e1f00000, 0x00000000e2000000|  0%| F|  |TAMS 0x00000000e1f00000, 0x00000000e1f00000| Untracked 
|  32|0x00000000e2000000, 0x00000000e2000000, 0x00000000e2100000|  0%| F|  |TAMS 0x00000000e2000000, 0x00000000e2000000| Untracked 
|  33|0x00000000e2100000, 0x00000000e2100000, 0x00000000e2200000|  0%| F|  |TAMS 0x00000000e2100000, 0x00000000e2100000| Untracked 
|  34|0x00000000e2200000, 0x00000000e2200000, 0x00000000e2300000|  0%| F|  |TAMS 0x00000000e2200000, 0x00000000e2200000| Untracked 
|  35|0x00000000e2300000, 0x00000000e2300000, 0x00000000e2400000|  0%| F|  |TAMS 0x00000000e2300000, 0x00000000e2300000| Untracked 
|  36|0x00000000e2400000, 0x00000000e2400000, 0x00000000e2500000|  0%| F|  |TAMS 0x00000000e2400000, 0x00000000e2400000| Untracked 
|  37|0x00000000e2500000, 0x00000000e2500000, 0x00000000e2600000|  0%| F|  |TAMS 0x00000000e2500000, 0x00000000e2500000| Untracked 
|  38|0x00000000e2600000, 0x00000000e2600000, 0x00000000e2700000|  0%| F|  |TAMS 0x00000000e2600000, 0x00000000e2600000| Untracked 
|  39|0x00000000e2700000, 0x00000000e2700000, 0x00000000e2800000|  0%| F|  |TAMS 0x00000000e2700000, 0x00000000e2700000| Untracked 
|  40|0x00000000e2800000, 0x00000000e2800000, 0x00000000e2900000|  0%| F|  |TAMS 0x00000000e2800000, 0x00000000e2800000| Untracked 
|  41|0x00000000e2900000, 0x00000000e2900000, 0x00000000e2a00000|  0%| F|  |TAMS 0x00000000e2900000, 0x00000000e2900000| Untracked 
|  42|0x00000000e2a00000, 0x00000000e2a00000, 0x00000000e2b00000|  0%| F|  |TAMS 0x00000000e2a00000, 0x00000000e2a00000| Untracked 
|  43|0x00000000e2b00000, 0x00000000e2b00000, 0x00000000e2c00000|  0%| F|  |TAMS 0x00000000e2b00000, 0x00000000e2b00000| Untracked 
|  44|0x00000000e2c00000, 0x00000000e2c00000, 0x00000000e2d00000|  0%| F|  |TAMS 0x00000000e2c00000, 0x00000000e2c00000| Untracked 
|  45|0x00000000e2d00000, 0x00000000e2d00000, 0x00000000e2e00000|  0%| F|  |TAMS 0x00000000e2d00000, 0x00000000e2d00000| Untracked 
|  46|0x00000000e2e00000, 0x00000000e2e00000, 0x00000000e2f00000|  0%| F|  |TAMS 0x00000000e2e00000, 0x00000000e2e00000| Untracked 
|  47|0x00000000e2f00000, 0x00000000e2f00000, 0x00000000e3000000|  0%| F|  |TAMS 0x00000000e2f00000, 0x00000000e2f00000| Untracked 
|  48|0x00000000e3000000, 0x00000000e3000000, 0x00000000e3100000|  0%| F|  |TAMS 0x00000000e3000000, 0x00000000e3000000| Untracked 
|  49|0x00000000e3100000, 0x00000000e3100000, 0x00000000e3200000|  0%| F|  |TAMS 0x00000000e3100000, 0x00000000e3100000| Untracked 
|  50|0x00000000e3200000, 0x00000000e3200000, 0x00000000e3300000|  0%| F|  |TAMS 0x00000000e3200000, 0x00000000e3200000| Untracked 
|  51|0x00000000e3300000, 0x00000000e3300000, 0x00000000e3400000|  0%| F|  |TAMS 0x00000000e3300000, 0x00000000e3300000| Untracked 
|  52|0x00000000e3400000, 0x00000000e3400000, 0x00000000e3500000|  0%| F|  |TAMS 0x00000000e3400000, 0x00000000e3400000| Untracked 
|  53|0x00000000e3500000, 0x00000000e3500000, 0x00000000e3600000|  0%| F|  |TAMS 0x00000000e3500000, 0x00000000e3500000| Untracked 
|  54|0x00000000e3600000, 0x00000000e3600000, 0x00000000e3700000|  0%| F|  |TAMS 0x00000000e3600000, 0x00000000e3600000| Untracked 
|  55|0x00000000e3700000, 0x00000000e3700000, 0x00000000e3800000|  0%| F|  |TAMS 0x00000000e3700000, 0x00000000e3700000| Untracked 
|  56|0x00000000e3800000, 0x00000000e3800000, 0x00000000e3900000|  0%| F|  |TAMS 0x00000000e3800000, 0x00000000e3800000| Untracked 
|  57|0x00000000e3900000, 0x00000000e3900000, 0x00000000e3a00000|  0%| F|  |TAMS 0x00000000e3900000, 0x00000000e3900000| Untracked 
|  58|0x00000000e3a00000, 0x00000000e3a00000, 0x00000000e3b00000|  0%| F|  |TAMS 0x00000000e3a00000, 0x00000000e3a00000| Untracked 
|  59|0x00000000e3b00000, 0x00000000e3b00000, 0x00000000e3c00000|  0%| F|  |TAMS 0x00000000e3b00000, 0x00000000e3b00000| Untracked 
|  60|0x00000000e3c00000, 0x00000000e3c00000, 0x00000000e3d00000|  0%| F|  |TAMS 0x00000000e3c00000, 0x00000000e3c00000| Untracked 
|  61|0x00000000e3d00000, 0x00000000e3d00000, 0x00000000e3e00000|  0%| F|  |TAMS 0x00000000e3d00000, 0x00000000e3d00000| Untracked 
|  62|0x00000000e3e00000, 0x00000000e3e00000, 0x00000000e3f00000|  0%| F|  |TAMS 0x00000000e3e00000, 0x00000000e3e00000| Untracked 
|  63|0x00000000e3f00000, 0x00000000e3f00000, 0x00000000e4000000|  0%| F|  |TAMS 0x00000000e3f00000, 0x00000000e3f00000| Untracked 
|  64|0x00000000e4000000, 0x00000000e4000000, 0x00000000e4100000|  0%| F|  |TAMS 0x00000000e4000000, 0x00000000e4000000| Untracked 
|  65|0x00000000e4100000, 0x00000000e4100000, 0x00000000e4200000|  0%| F|  |TAMS 0x00000000e4100000, 0x00000000e4100000| Untracked 
|  66|0x00000000e4200000, 0x00000000e4200000, 0x00000000e4300000|  0%| F|  |TAMS 0x00000000e4200000, 0x00000000e4200000| Untracked 
|  67|0x00000000e4300000, 0x00000000e4300000, 0x00000000e4400000|  0%| F|  |TAMS 0x00000000e4300000, 0x00000000e4300000| Untracked 
|  68|0x00000000e4400000, 0x00000000e4400000, 0x00000000e4500000|  0%| F|  |TAMS 0x00000000e4400000, 0x00000000e4400000| Untracked 
|  69|0x00000000e4500000, 0x00000000e4500000, 0x00000000e4600000|  0%| F|  |TAMS 0x00000000e4500000, 0x00000000e4500000| Untracked 
|  70|0x00000000e4600000, 0x00000000e4600000, 0x00000000e4700000|  0%| F|  |TAMS 0x00000000e4600000, 0x00000000e4600000| Untracked 
|  71|0x00000000e4700000, 0x00000000e4700000, 0x00000000e4800000|  0%| F|  |TAMS 0x00000000e4700000, 0x00000000e4700000| Untracked 
|  72|0x00000000e4800000, 0x00000000e4800000, 0x00000000e4900000|  0%| F|  |TAMS 0x00000000e4800000, 0x00000000e4800000| Untracked 
|  73|0x00000000e4900000, 0x00000000e4900000, 0x00000000e4a00000|  0%| F|  |TAMS 0x00000000e4900000, 0x00000000e4900000| Untracked 
|  74|0x00000000e4a00000, 0x00000000e4a00000, 0x00000000e4b00000|  0%| F|  |TAMS 0x00000000e4a00000, 0x00000000e4a00000| Untracked 
|  75|0x00000000e4b00000, 0x00000000e4b00000, 0x00000000e4c00000|  0%| F|  |TAMS 0x00000000e4b00000, 0x00000000e4b00000| Untracked 
|  76|0x00000000e4c00000, 0x00000000e4c00000, 0x00000000e4d00000|  0%| F|  |TAMS 0x00000000e4c00000, 0x00000000e4c00000| Untracked 
|  77|0x00000000e4d00000, 0x00000000e4d00000, 0x00000000e4e00000|  0%| F|  |TAMS 0x00000000e4d00000, 0x00000000e4d00000| Untracked 
|  78|0x00000000e4e00000, 0x00000000e4e00000, 0x00000000e4f00000|  0%| F|  |TAMS 0x00000000e4e00000, 0x00000000e4e00000| Untracked 
|  79|0x00000000e4f00000, 0x00000000e4f00000, 0x00000000e5000000|  0%| F|  |TAMS 0x00000000e4f00000, 0x00000000e4f00000| Untracked 
|  80|0x00000000e5000000, 0x00000000e5000000, 0x00000000e5100000|  0%| F|  |TAMS 0x00000000e5000000, 0x00000000e5000000| Untracked 
|  81|0x00000000e5100000, 0x00000000e5100000, 0x00000000e5200000|  0%| F|  |TAMS 0x00000000e5100000, 0x00000000e5100000| Untracked 
|  82|0x00000000e5200000, 0x00000000e5200000, 0x00000000e5300000|  0%| F|  |TAMS 0x00000000e5200000, 0x00000000e5200000| Untracked 
|  83|0x00000000e5300000, 0x00000000e5300000, 0x00000000e5400000|  0%| F|  |TAMS 0x00000000e5300000, 0x00000000e5300000| Untracked 
|  84|0x00000000e5400000, 0x00000000e5400000, 0x00000000e5500000|  0%| F|  |TAMS 0x00000000e5400000, 0x00000000e5400000| Untracked 
|  85|0x00000000e5500000, 0x00000000e5500000, 0x00000000e5600000|  0%| F|  |TAMS 0x00000000e5500000, 0x00000000e5500000| Untracked 
|  86|0x00000000e5600000, 0x00000000e5600000, 0x00000000e5700000|  0%| F|  |TAMS 0x00000000e5600000, 0x00000000e5600000| Untracked 
|  87|0x00000000e5700000, 0x00000000e5700000, 0x00000000e5800000|  0%| F|  |TAMS 0x00000000e5700000, 0x00000000e5700000| Untracked 
|  88|0x00000000e5800000, 0x00000000e5800000, 0x00000000e5900000|  0%| F|  |TAMS 0x00000000e5800000, 0x00000000e5800000| Untracked 
|  89|0x00000000e5900000, 0x00000000e5900000, 0x00000000e5a00000|  0%| F|  |TAMS 0x00000000e5900000, 0x00000000e5900000| Untracked 
|  90|0x00000000e5a00000, 0x00000000e5a00000, 0x00000000e5b00000|  0%| F|  |TAMS 0x00000000e5a00000, 0x00000000e5a00000| Untracked 
|  91|0x00000000e5b00000, 0x00000000e5b00000, 0x00000000e5c00000|  0%| F|  |TAMS 0x00000000e5b00000, 0x00000000e5b00000| Untracked 
|  92|0x00000000e5c00000, 0x00000000e5c00000, 0x00000000e5d00000|  0%| F|  |TAMS 0x00000000e5c00000, 0x00000000e5c00000| Untracked 
|  93|0x00000000e5d00000, 0x00000000e5d00000, 0x00000000e5e00000|  0%| F|  |TAMS 0x00000000e5d00000, 0x00000000e5d00000| Untracked 
|  94|0x00000000e5e00000, 0x00000000e5e00000, 0x00000000e5f00000|  0%| F|  |TAMS 0x00000000e5e00000, 0x00000000e5e00000| Untracked 
|  95|0x00000000e5f00000, 0x00000000e5f00000, 0x00000000e6000000|  0%| F|  |TAMS 0x00000000e5f00000, 0x00000000e5f00000| Untracked 
|  96|0x00000000e6000000, 0x00000000e6000000, 0x00000000e6100000|  0%| F|  |TAMS 0x00000000e6000000, 0x00000000e6000000| Untracked 
|  97|0x00000000e6100000, 0x00000000e6100000, 0x00000000e6200000|  0%| F|  |TAMS 0x00000000e6100000, 0x00000000e6100000| Untracked 
|  98|0x00000000e6200000, 0x00000000e6200000, 0x00000000e6300000|  0%| F|  |TAMS 0x00000000e6200000, 0x00000000e6200000| Untracked 
|  99|0x00000000e6300000, 0x00000000e6300000, 0x00000000e6400000|  0%| F|  |TAMS 0x00000000e6300000, 0x00000000e6300000| Untracked 
| 100|0x00000000e6400000, 0x00000000e6400000, 0x00000000e6500000|  0%| F|  |TAMS 0x00000000e6400000, 0x00000000e6400000| Untracked 
| 101|0x00000000e6500000, 0x00000000e6500000, 0x00000000e6600000|  0%| F|  |TAMS 0x00000000e6500000, 0x00000000e6500000| Untracked 
| 102|0x00000000e6600000, 0x00000000e6600000, 0x00000000e6700000|  0%| F|  |TAMS 0x00000000e6600000, 0x00000000e6600000| Untracked 
| 103|0x00000000e6700000, 0x00000000e6700000, 0x00000000e6800000|  0%| F|  |TAMS 0x00000000e6700000, 0x00000000e6700000| Untracked 
| 104|0x00000000e6800000, 0x00000000e6800000, 0x00000000e6900000|  0%| F|  |TAMS 0x00000000e6800000, 0x00000000e6800000| Untracked 
| 105|0x00000000e6900000, 0x00000000e6900000, 0x00000000e6a00000|  0%| F|  |TAMS 0x00000000e6900000, 0x00000000e6900000| Untracked 
| 106|0x00000000e6a00000, 0x00000000e6a00000, 0x00000000e6b00000|  0%| F|  |TAMS 0x00000000e6a00000, 0x00000000e6a00000| Untracked 
| 107|0x00000000e6b00000, 0x00000000e6b00000, 0x00000000e6c00000|  0%| F|  |TAMS 0x00000000e6b00000, 0x00000000e6b00000| Untracked 
| 108|0x00000000e6c00000, 0x00000000e6c00000, 0x00000000e6d00000|  0%| F|  |TAMS 0x00000000e6c00000, 0x00000000e6c00000| Untracked 
| 109|0x00000000e6d00000, 0x00000000e6d00000, 0x00000000e6e00000|  0%| F|  |TAMS 0x00000000e6d00000, 0x00000000e6d00000| Untracked 
| 110|0x00000000e6e00000, 0x00000000e6e00000, 0x00000000e6f00000|  0%| F|  |TAMS 0x00000000e6e00000, 0x00000000e6e00000| Untracked 
| 111|0x00000000e6f00000, 0x00000000e6f00000, 0x00000000e7000000|  0%| F|  |TAMS 0x00000000e6f00000, 0x00000000e6f00000| Untracked 
| 112|0x00000000e7000000, 0x00000000e7000000, 0x00000000e7100000|  0%| F|  |TAMS 0x00000000e7000000, 0x00000000e7000000| Untracked 
| 113|0x00000000e7100000, 0x00000000e7100000, 0x00000000e7200000|  0%| F|  |TAMS 0x00000000e7100000, 0x00000000e7100000| Untracked 
| 114|0x00000000e7200000, 0x00000000e7200000, 0x00000000e7300000|  0%| F|  |TAMS 0x00000000e7200000, 0x00000000e7200000| Untracked 
| 115|0x00000000e7300000, 0x00000000e7300000, 0x00000000e7400000|  0%| F|  |TAMS 0x00000000e7300000, 0x00000000e7300000| Untracked 
| 116|0x00000000e7400000, 0x00000000e7400000, 0x00000000e7500000|  0%| F|  |TAMS 0x00000000e7400000, 0x00000000e7400000| Untracked 
| 117|0x00000000e7500000, 0x00000000e7500000, 0x00000000e7600000|  0%| F|  |TAMS 0x00000000e7500000, 0x00000000e7500000| Untracked 
| 118|0x00000000e7600000, 0x00000000e7600000, 0x00000000e7700000|  0%| F|  |TAMS 0x00000000e7600000, 0x00000000e7600000| Untracked 
| 119|0x00000000e7700000, 0x00000000e7700000, 0x00000000e7800000|  0%| F|  |TAMS 0x00000000e7700000, 0x00000000e7700000| Untracked 
| 120|0x00000000e7800000, 0x00000000e7800000, 0x00000000e7900000|  0%| F|  |TAMS 0x00000000e7800000, 0x00000000e7800000| Untracked 
| 121|0x00000000e7900000, 0x00000000e7900000, 0x00000000e7a00000|  0%| F|  |TAMS 0x00000000e7900000, 0x00000000e7900000| Untracked 
| 122|0x00000000e7a00000, 0x00000000e7a00000, 0x00000000e7b00000|  0%| F|  |TAMS 0x00000000e7a00000, 0x00000000e7a00000| Untracked 
| 123|0x00000000e7b00000, 0x00000000e7b00000, 0x00000000e7c00000|  0%| F|  |TAMS 0x00000000e7b00000, 0x00000000e7b00000| Untracked 
| 124|0x00000000e7c00000, 0x00000000e7c00000, 0x00000000e7d00000|  0%| F|  |TAMS 0x00000000e7c00000, 0x00000000e7c00000| Untracked 
| 125|0x00000000e7d00000, 0x00000000e7d00000, 0x00000000e7e00000|  0%| F|  |TAMS 0x00000000e7d00000, 0x00000000e7d00000| Untracked 
| 126|0x00000000e7e00000, 0x00000000e7e00000, 0x00000000e7f00000|  0%| F|  |TAMS 0x00000000e7e00000, 0x00000000e7e00000| Untracked 
| 127|0x00000000e7f00000, 0x00000000e7f00000, 0x00000000e8000000|  0%| F|  |TAMS 0x00000000e7f00000, 0x00000000e7f00000| Untracked 
| 128|0x00000000e8000000, 0x00000000e8000000, 0x00000000e8100000|  0%| F|  |TAMS 0x00000000e8000000, 0x00000000e8000000| Untracked 
| 129|0x00000000e8100000, 0x00000000e8100000, 0x00000000e8200000|  0%| F|  |TAMS 0x00000000e8100000, 0x00000000e8100000| Untracked 
| 130|0x00000000e8200000, 0x00000000e8200000, 0x00000000e8300000|  0%| F|  |TAMS 0x00000000e8200000, 0x00000000e8200000| Untracked 
| 131|0x00000000e8300000, 0x00000000e8300000, 0x00000000e8400000|  0%| F|  |TAMS 0x00000000e8300000, 0x00000000e8300000| Untracked 
| 132|0x00000000e8400000, 0x00000000e8400000, 0x00000000e8500000|  0%| F|  |TAMS 0x00000000e8400000, 0x00000000e8400000| Untracked 
| 133|0x00000000e8500000, 0x00000000e8500000, 0x00000000e8600000|  0%| F|  |TAMS 0x00000000e8500000, 0x00000000e8500000| Untracked 
| 134|0x00000000e8600000, 0x00000000e8600000, 0x00000000e8700000|  0%| F|  |TAMS 0x00000000e8600000, 0x00000000e8600000| Untracked 
| 135|0x00000000e8700000, 0x00000000e8700000, 0x00000000e8800000|  0%| F|  |TAMS 0x00000000e8700000, 0x00000000e8700000| Untracked 
| 136|0x00000000e8800000, 0x00000000e8800000, 0x00000000e8900000|  0%| F|  |TAMS 0x00000000e8800000, 0x00000000e8800000| Untracked 
| 137|0x00000000e8900000, 0x00000000e8900000, 0x00000000e8a00000|  0%| F|  |TAMS 0x00000000e8900000, 0x00000000e8900000| Untracked 
| 138|0x00000000e8a00000, 0x00000000e8a00000, 0x00000000e8b00000|  0%| F|  |TAMS 0x00000000e8a00000, 0x00000000e8a00000| Untracked 
| 139|0x00000000e8b00000, 0x00000000e8b00000, 0x00000000e8c00000|  0%| F|  |TAMS 0x00000000e8b00000, 0x00000000e8b00000| Untracked 
| 140|0x00000000e8c00000, 0x00000000e8c00000, 0x00000000e8d00000|  0%| F|  |TAMS 0x00000000e8c00000, 0x00000000e8c00000| Untracked 
| 141|0x00000000e8d00000, 0x00000000e8d00000, 0x00000000e8e00000|  0%| F|  |TAMS 0x00000000e8d00000, 0x00000000e8d00000| Untracked 
| 142|0x00000000e8e00000, 0x00000000e8e00000, 0x00000000e8f00000|  0%| F|  |TAMS 0x00000000e8e00000, 0x00000000e8e00000| Untracked 
| 143|0x00000000e8f00000, 0x00000000e8f00000, 0x00000000e9000000|  0%| F|  |TAMS 0x00000000e8f00000, 0x00000000e8f00000| Untracked 
| 144|0x00000000e9000000, 0x00000000e9000000, 0x00000000e9100000|  0%| F|  |TAMS 0x00000000e9000000, 0x00000000e9000000| Untracked 
| 145|0x00000000e9100000, 0x00000000e9100000, 0x00000000e9200000|  0%| F|  |TAMS 0x00000000e9100000, 0x00000000e9100000| Untracked 
| 146|0x00000000e9200000, 0x00000000e9200000, 0x00000000e9300000|  0%| F|  |TAMS 0x00000000e9200000, 0x00000000e9200000| Untracked 
| 147|0x00000000e9300000, 0x00000000e9300000, 0x00000000e9400000|  0%| F|  |TAMS 0x00000000e9300000, 0x00000000e9300000| Untracked 
| 148|0x00000000e9400000, 0x00000000e9400000, 0x00000000e9500000|  0%| F|  |TAMS 0x00000000e9400000, 0x00000000e9400000| Untracked 
| 149|0x00000000e9500000, 0x00000000e9500000, 0x00000000e9600000|  0%| F|  |TAMS 0x00000000e9500000, 0x00000000e9500000| Untracked 
| 150|0x00000000e9600000, 0x00000000e9600000, 0x00000000e9700000|  0%| F|  |TAMS 0x00000000e9600000, 0x00000000e9600000| Untracked 
| 151|0x00000000e9700000, 0x00000000e9700000, 0x00000000e9800000|  0%| F|  |TAMS 0x00000000e9700000, 0x00000000e9700000| Untracked 
| 152|0x00000000e9800000, 0x00000000e9800000, 0x00000000e9900000|  0%| F|  |TAMS 0x00000000e9800000, 0x00000000e9800000| Untracked 
| 153|0x00000000e9900000, 0x00000000e9900000, 0x00000000e9a00000|  0%| F|  |TAMS 0x00000000e9900000, 0x00000000e9900000| Untracked 
| 154|0x00000000e9a00000, 0x00000000e9a00000, 0x00000000e9b00000|  0%| F|  |TAMS 0x00000000e9a00000, 0x00000000e9a00000| Untracked 
| 155|0x00000000e9b00000, 0x00000000e9b00000, 0x00000000e9c00000|  0%| F|  |TAMS 0x00000000e9b00000, 0x00000000e9b00000| Untracked 
| 156|0x00000000e9c00000, 0x00000000e9c00000, 0x00000000e9d00000|  0%| F|  |TAMS 0x00000000e9c00000, 0x00000000e9c00000| Untracked 
| 157|0x00000000e9d00000, 0x00000000e9d00000, 0x00000000e9e00000|  0%| F|  |TAMS 0x00000000e9d00000, 0x00000000e9d00000| Untracked 
| 158|0x00000000e9e00000, 0x00000000e9e00000, 0x00000000e9f00000|  0%| F|  |TAMS 0x00000000e9e00000, 0x00000000e9e00000| Untracked 
| 159|0x00000000e9f00000, 0x00000000e9f00000, 0x00000000ea000000|  0%| F|  |TAMS 0x00000000e9f00000, 0x00000000e9f00000| Untracked 
| 160|0x00000000ea000000, 0x00000000ea000000, 0x00000000ea100000|  0%| F|  |TAMS 0x00000000ea000000, 0x00000000ea000000| Untracked 
| 161|0x00000000ea100000, 0x00000000ea100000, 0x00000000ea200000|  0%| F|  |TAMS 0x00000000ea100000, 0x00000000ea100000| Untracked 
| 162|0x00000000ea200000, 0x00000000ea200000, 0x00000000ea300000|  0%| F|  |TAMS 0x00000000ea200000, 0x00000000ea200000| Untracked 
| 163|0x00000000ea300000, 0x00000000ea300000, 0x00000000ea400000|  0%| F|  |TAMS 0x00000000ea300000, 0x00000000ea300000| Untracked 
| 164|0x00000000ea400000, 0x00000000ea400000, 0x00000000ea500000|  0%| F|  |TAMS 0x00000000ea400000, 0x00000000ea400000| Untracked 
| 165|0x00000000ea500000, 0x00000000ea500000, 0x00000000ea600000|  0%| F|  |TAMS 0x00000000ea500000, 0x00000000ea500000| Untracked 
| 166|0x00000000ea600000, 0x00000000ea600000, 0x00000000ea700000|  0%| F|  |TAMS 0x00000000ea600000, 0x00000000ea600000| Untracked 
| 167|0x00000000ea700000, 0x00000000ea700000, 0x00000000ea800000|  0%| F|  |TAMS 0x00000000ea700000, 0x00000000ea700000| Untracked 
| 168|0x00000000ea800000, 0x00000000ea800000, 0x00000000ea900000|  0%| F|  |TAMS 0x00000000ea800000, 0x00000000ea800000| Untracked 
| 169|0x00000000ea900000, 0x00000000ea900000, 0x00000000eaa00000|  0%| F|  |TAMS 0x00000000ea900000, 0x00000000ea900000| Untracked 
| 170|0x00000000eaa00000, 0x00000000eaa00000, 0x00000000eab00000|  0%| F|  |TAMS 0x00000000eaa00000, 0x00000000eaa00000| Untracked 
| 171|0x00000000eab00000, 0x00000000eab00000, 0x00000000eac00000|  0%| F|  |TAMS 0x00000000eab00000, 0x00000000eab00000| Untracked 
| 172|0x00000000eac00000, 0x00000000eac00000, 0x00000000ead00000|  0%| F|  |TAMS 0x00000000eac00000, 0x00000000eac00000| Untracked 
| 173|0x00000000ead00000, 0x00000000ead00000, 0x00000000eae00000|  0%| F|  |TAMS 0x00000000ead00000, 0x00000000ead00000| Untracked 
| 174|0x00000000eae00000, 0x00000000eae00000, 0x00000000eaf00000|  0%| F|  |TAMS 0x00000000eae00000, 0x00000000eae00000| Untracked 
| 175|0x00000000eaf00000, 0x00000000eaf00000, 0x00000000eb000000|  0%| F|  |TAMS 0x00000000eaf00000, 0x00000000eaf00000| Untracked 
| 176|0x00000000eb000000, 0x00000000eb000000, 0x00000000eb100000|  0%| F|  |TAMS 0x00000000eb000000, 0x00000000eb000000| Untracked 
| 177|0x00000000eb100000, 0x00000000eb100000, 0x00000000eb200000|  0%| F|  |TAMS 0x00000000eb100000, 0x00000000eb100000| Untracked 
| 178|0x00000000eb200000, 0x00000000eb200000, 0x00000000eb300000|  0%| F|  |TAMS 0x00000000eb200000, 0x00000000eb200000| Untracked 
| 179|0x00000000eb300000, 0x00000000eb300000, 0x00000000eb400000|  0%| F|  |TAMS 0x00000000eb300000, 0x00000000eb300000| Untracked 
| 180|0x00000000eb400000, 0x00000000eb400000, 0x00000000eb500000|  0%| F|  |TAMS 0x00000000eb400000, 0x00000000eb400000| Untracked 
| 181|0x00000000eb500000, 0x00000000eb500000, 0x00000000eb600000|  0%| F|  |TAMS 0x00000000eb500000, 0x00000000eb500000| Untracked 
| 182|0x00000000eb600000, 0x00000000eb600000, 0x00000000eb700000|  0%| F|  |TAMS 0x00000000eb600000, 0x00000000eb600000| Untracked 
| 183|0x00000000eb700000, 0x00000000eb700000, 0x00000000eb800000|  0%| F|  |TAMS 0x00000000eb700000, 0x00000000eb700000| Untracked 
| 184|0x00000000eb800000, 0x00000000eb800000, 0x00000000eb900000|  0%| F|  |TAMS 0x00000000eb800000, 0x00000000eb800000| Untracked 
| 185|0x00000000eb900000, 0x00000000eb900000, 0x00000000eba00000|  0%| F|  |TAMS 0x00000000eb900000, 0x00000000eb900000| Untracked 
| 186|0x00000000eba00000, 0x00000000eba00000, 0x00000000ebb00000|  0%| F|  |TAMS 0x00000000eba00000, 0x00000000eba00000| Untracked 
| 187|0x00000000ebb00000, 0x00000000ebb00000, 0x00000000ebc00000|  0%| F|  |TAMS 0x00000000ebb00000, 0x00000000ebb00000| Untracked 
| 188|0x00000000ebc00000, 0x00000000ebc00000, 0x00000000ebd00000|  0%| F|  |TAMS 0x00000000ebc00000, 0x00000000ebc00000| Untracked 
| 189|0x00000000ebd00000, 0x00000000ebd00000, 0x00000000ebe00000|  0%| F|  |TAMS 0x00000000ebd00000, 0x00000000ebd00000| Untracked 
| 190|0x00000000ebe00000, 0x00000000ebe00000, 0x00000000ebf00000|  0%| F|  |TAMS 0x00000000ebe00000, 0x00000000ebe00000| Untracked 
| 191|0x00000000ebf00000, 0x00000000ebf00000, 0x00000000ec000000|  0%| F|  |TAMS 0x00000000ebf00000, 0x00000000ebf00000| Untracked 
| 192|0x00000000ec000000, 0x00000000ec000000, 0x00000000ec100000|  0%| F|  |TAMS 0x00000000ec000000, 0x00000000ec000000| Untracked 
| 193|0x00000000ec100000, 0x00000000ec100000, 0x00000000ec200000|  0%| F|  |TAMS 0x00000000ec100000, 0x00000000ec100000| Untracked 
| 194|0x00000000ec200000, 0x00000000ec200000, 0x00000000ec300000|  0%| F|  |TAMS 0x00000000ec200000, 0x00000000ec200000| Untracked 
| 195|0x00000000ec300000, 0x00000000ec300000, 0x00000000ec400000|  0%| F|  |TAMS 0x00000000ec300000, 0x00000000ec300000| Untracked 
| 196|0x00000000ec400000, 0x00000000ec400000, 0x00000000ec500000|  0%| F|  |TAMS 0x00000000ec400000, 0x00000000ec400000| Untracked 
| 197|0x00000000ec500000, 0x00000000ec500000, 0x00000000ec600000|  0%| F|  |TAMS 0x00000000ec500000, 0x00000000ec500000| Untracked 
| 198|0x00000000ec600000, 0x00000000ec600000, 0x00000000ec700000|  0%| F|  |TAMS 0x00000000ec600000, 0x00000000ec600000| Untracked 
| 199|0x00000000ec700000, 0x00000000ec700000, 0x00000000ec800000|  0%| F|  |TAMS 0x00000000ec700000, 0x00000000ec700000| Untracked 
| 200|0x00000000ec800000, 0x00000000ec800000, 0x00000000ec900000|  0%| F|  |TAMS 0x00000000ec800000, 0x00000000ec800000| Untracked 
| 201|0x00000000ec900000, 0x00000000ec900000, 0x00000000eca00000|  0%| F|  |TAMS 0x00000000ec900000, 0x00000000ec900000| Untracked 
| 202|0x00000000eca00000, 0x00000000ecb00000, 0x00000000ecb00000|100%| S|  |TAMS 0x00000000eca00000, 0x00000000eca00000| Complete 
| 203|0x00000000ecb00000, 0x00000000ecc00000, 0x00000000ecc00000|100%| S|  |TAMS 0x00000000ecb00000, 0x00000000ecb00000| Complete 
| 204|0x00000000ecc00000, 0x00000000ecd00000, 0x00000000ecd00000|100%| S|  |TAMS 0x00000000ecc00000, 0x00000000ecc00000| Complete 
| 205|0x00000000ecd00000, 0x00000000ece00000, 0x00000000ece00000|100%| S|  |TAMS 0x00000000ecd00000, 0x00000000ecd00000| Complete 
| 206|0x00000000ece00000, 0x00000000ecf00000, 0x00000000ecf00000|100%| S|  |TAMS 0x00000000ece00000, 0x00000000ece00000| Complete 
| 207|0x00000000ecf00000, 0x00000000ed000000, 0x00000000ed000000|100%| S|  |TAMS 0x00000000ecf00000, 0x00000000ecf00000| Complete 
| 208|0x00000000ed000000, 0x00000000ed100000, 0x00000000ed100000|100%| E|CS|TAMS 0x00000000ed000000, 0x00000000ed000000| Complete 
| 209|0x00000000ed100000, 0x00000000ed200000, 0x00000000ed200000|100%| E|CS|TAMS 0x00000000ed100000, 0x00000000ed100000| Complete 
| 210|0x00000000ed200000, 0x00000000ed300000, 0x00000000ed300000|100%| E|CS|TAMS 0x00000000ed200000, 0x00000000ed200000| Complete 
| 211|0x00000000ed300000, 0x00000000ed400000, 0x00000000ed400000|100%| E|CS|TAMS 0x00000000ed300000, 0x00000000ed300000| Complete 
| 212|0x00000000ed400000, 0x00000000ed500000, 0x00000000ed500000|100%| E|CS|TAMS 0x00000000ed400000, 0x00000000ed400000| Complete 
| 213|0x00000000ed500000, 0x00000000ed600000, 0x00000000ed600000|100%| E|CS|TAMS 0x00000000ed500000, 0x00000000ed500000| Complete 
| 214|0x00000000ed600000, 0x00000000ed700000, 0x00000000ed700000|100%| E|CS|TAMS 0x00000000ed600000, 0x00000000ed600000| Complete 
| 215|0x00000000ed700000, 0x00000000ed800000, 0x00000000ed800000|100%| E|CS|TAMS 0x00000000ed700000, 0x00000000ed700000| Complete 
| 216|0x00000000ed800000, 0x00000000ed900000, 0x00000000ed900000|100%| E|CS|TAMS 0x00000000ed800000, 0x00000000ed800000| Complete 
| 217|0x00000000ed900000, 0x00000000eda00000, 0x00000000eda00000|100%| E|CS|TAMS 0x00000000ed900000, 0x00000000ed900000| Complete 
| 218|0x00000000eda00000, 0x00000000edb00000, 0x00000000edb00000|100%| E|CS|TAMS 0x00000000eda00000, 0x00000000eda00000| Complete 
| 219|0x00000000edb00000, 0x00000000edc00000, 0x00000000edc00000|100%| E|CS|TAMS 0x00000000edb00000, 0x00000000edb00000| Complete 
| 220|0x00000000edc00000, 0x00000000edcab270, 0x00000000edd00000| 66%| E|CS|TAMS 0x00000000edc00000, 0x00000000edc00000| Complete 
| 221|0x00000000edd00000, 0x00000000ede00000, 0x00000000ede00000|100%| E|CS|TAMS 0x00000000edd00000, 0x00000000edd00000| Complete 
| 222|0x00000000ede00000, 0x00000000edf00000, 0x00000000edf00000|100%| E|CS|TAMS 0x00000000ede00000, 0x00000000ede00000| Complete 
| 223|0x00000000edf00000, 0x00000000ee000000, 0x00000000ee000000|100%| E|CS|TAMS 0x00000000edf00000, 0x00000000edf00000| Complete 
| 224|0x00000000ee000000, 0x00000000ee100000, 0x00000000ee100000|100%| E|CS|TAMS 0x00000000ee000000, 0x00000000ee000000| Complete 
| 225|0x00000000ee100000, 0x00000000ee200000, 0x00000000ee200000|100%| E|CS|TAMS 0x00000000ee100000, 0x00000000ee100000| Complete 
| 226|0x00000000ee200000, 0x00000000ee300000, 0x00000000ee300000|100%| E|CS|TAMS 0x00000000ee200000, 0x00000000ee200000| Complete 
| 227|0x00000000ee300000, 0x00000000ee400000, 0x00000000ee400000|100%| E|CS|TAMS 0x00000000ee300000, 0x00000000ee300000| Complete 
| 228|0x00000000ee400000, 0x00000000ee500000, 0x00000000ee500000|100%| E|CS|TAMS 0x00000000ee400000, 0x00000000ee400000| Complete 
| 229|0x00000000ee500000, 0x00000000ee600000, 0x00000000ee600000|100%| E|CS|TAMS 0x00000000ee500000, 0x00000000ee500000| Complete 
| 230|0x00000000ee600000, 0x00000000ee700000, 0x00000000ee700000|100%| E|CS|TAMS 0x00000000ee600000, 0x00000000ee600000| Complete 
| 231|0x00000000ee700000, 0x00000000ee800000, 0x00000000ee800000|100%| E|CS|TAMS 0x00000000ee700000, 0x00000000ee700000| Complete 
| 232|0x00000000ee800000, 0x00000000ee900000, 0x00000000ee900000|100%| E|CS|TAMS 0x00000000ee800000, 0x00000000ee800000| Complete 
| 233|0x00000000ee900000, 0x00000000eea00000, 0x00000000eea00000|100%| E|CS|TAMS 0x00000000ee900000, 0x00000000ee900000| Complete 
| 234|0x00000000eea00000, 0x00000000eeb00000, 0x00000000eeb00000|100%| E|CS|TAMS 0x00000000eea00000, 0x00000000eea00000| Complete 
| 235|0x00000000eeb00000, 0x00000000eec00000, 0x00000000eec00000|100%| E|CS|TAMS 0x00000000eeb00000, 0x00000000eeb00000| Complete 
| 236|0x00000000eec00000, 0x00000000eed00000, 0x00000000eed00000|100%| E|CS|TAMS 0x00000000eec00000, 0x00000000eec00000| Complete 
| 237|0x00000000eed00000, 0x00000000eee00000, 0x00000000eee00000|100%| E|CS|TAMS 0x00000000eed00000, 0x00000000eed00000| Complete 
| 238|0x00000000eee00000, 0x00000000eef00000, 0x00000000eef00000|100%| E|CS|TAMS 0x00000000eee00000, 0x00000000eee00000| Complete 
| 239|0x00000000eef00000, 0x00000000ef000000, 0x00000000ef000000|100%| E|CS|TAMS 0x00000000eef00000, 0x00000000eef00000| Complete 
| 240|0x00000000ef000000, 0x00000000ef100000, 0x00000000ef100000|100%| E|CS|TAMS 0x00000000ef000000, 0x00000000ef000000| Complete 
| 241|0x00000000ef100000, 0x00000000ef200000, 0x00000000ef200000|100%| E|CS|TAMS 0x00000000ef100000, 0x00000000ef100000| Complete 
| 242|0x00000000ef200000, 0x00000000ef300000, 0x00000000ef300000|100%| E|CS|TAMS 0x00000000ef200000, 0x00000000ef200000| Complete 
| 243|0x00000000ef300000, 0x00000000ef400000, 0x00000000ef400000|100%| E|CS|TAMS 0x00000000ef300000, 0x00000000ef300000| Complete 
| 244|0x00000000ef400000, 0x00000000ef500000, 0x00000000ef500000|100%| E|CS|TAMS 0x00000000ef400000, 0x00000000ef400000| Complete 
| 245|0x00000000ef500000, 0x00000000ef600000, 0x00000000ef600000|100%| E|CS|TAMS 0x00000000ef500000, 0x00000000ef500000| Complete 
| 246|0x00000000ef600000, 0x00000000ef700000, 0x00000000ef700000|100%| E|CS|TAMS 0x00000000ef600000, 0x00000000ef600000| Complete 
| 247|0x00000000ef700000, 0x00000000ef800000, 0x00000000ef800000|100%| E|CS|TAMS 0x00000000ef700000, 0x00000000ef700000| Complete 
| 248|0x00000000ef800000, 0x00000000ef900000, 0x00000000ef900000|100%| E|CS|TAMS 0x00000000ef800000, 0x00000000ef800000| Complete 
| 249|0x00000000ef900000, 0x00000000efa00000, 0x00000000efa00000|100%| E|CS|TAMS 0x00000000ef900000, 0x00000000ef900000| Complete 
| 250|0x00000000efa00000, 0x00000000efb00000, 0x00000000efb00000|100%| E|CS|TAMS 0x00000000efa00000, 0x00000000efa00000| Complete 
| 251|0x00000000efb00000, 0x00000000efc00000, 0x00000000efc00000|100%| E|CS|TAMS 0x00000000efb00000, 0x00000000efb00000| Complete 
| 252|0x00000000efc00000, 0x00000000efd00000, 0x00000000efd00000|100%| E|CS|TAMS 0x00000000efc00000, 0x00000000efc00000| Complete 
| 253|0x00000000efd00000, 0x00000000efe00000, 0x00000000efe00000|100%| E|CS|TAMS 0x00000000efd00000, 0x00000000efd00000| Complete 
| 254|0x00000000efe00000, 0x00000000eff00000, 0x00000000eff00000|100%| E|CS|TAMS 0x00000000efe00000, 0x00000000efe00000| Complete 
| 255|0x00000000eff00000, 0x00000000f0000000, 0x00000000f0000000|100%| E|CS|TAMS 0x00000000eff00000, 0x00000000eff00000| Complete 

Card table byte_map: [0x000002a278de0000,0x000002a278ee0000] _byte_map_base: 0x000002a2786e0000

Marking Bits (Prev, Next): (CMBitMap*) 0x000002a278d1f3e8, (CMBitMap*) 0x000002a278d1f420
 Prev Bits: [0x000002a278fe0000, 0x000002a2797e0000)
 Next Bits: [0x000002a2797e0000, 0x000002a279fe0000)

Polling page: 0x000002a276c70000

Metaspace:

Usage:
  Non-class:     16.22 MB capacity,    15.94 MB ( 98%) used,   254.33 KB (  2%) free+waste,    32.63 KB ( <1%) overhead. 
      Class:      2.28 MB capacity,     2.15 MB ( 94%) used,   112.38 KB (  5%) free+waste,    16.06 KB ( <1%) overhead. 
       Both:     18.50 MB capacity,    18.10 MB ( 98%) used,   366.71 KB (  2%) free+waste,    48.69 KB ( <1%) overhead. 

Virtual space:
  Non-class space:       18.00 MB reserved,      16.25 MB ( 90%) committed 
      Class space:      248.00 MB reserved,       2.38 MB ( <1%) committed 
             Both:      266.00 MB reserved,      18.63 MB (  7%) committed 

Chunk freelists:
   Non-Class:  3.25 KB
       Class:  512 bytes
        Both:  3.75 KB

CodeHeap 'non-profiled nmethods': size=120064Kb used=861Kb max_used=861Kb free=119202Kb
 bounds [0x000002a20fe90000, 0x000002a210100000, 0x000002a2173d0000]
CodeHeap 'profiled nmethods': size=120000Kb used=4006Kb max_used=4006Kb free=115993Kb
 bounds [0x000002a208960000, 0x000002a208d50000, 0x000002a20fe90000]
CodeHeap 'non-nmethods': size=5696Kb used=1129Kb max_used=1146Kb free=4567Kb
 bounds [0x000002a2083d0000, 0x000002a208640000, 0x000002a208960000]
 total_blobs=2404 nmethods=1941 adapters=375
 compilation: enabled
              stopped_count=0, restarted_count=0
 full_count=0

Compilation events (10 events):
Event: 10.798 Thread 0x000002a27c605800 1941       3       java.lang.invoke.DirectMethodHandle$Holder::invokeStatic (20 bytes)
Event: 10.798 Thread 0x000002a27c605800 nmethod 1941 0x000002a208d48710 code [0x000002a208d488e0, 0x000002a208d48db8]
Event: 10.798 Thread 0x000002a27c605800 1942       3       java.lang.StringConcatHelper::prepend (16 bytes)
Event: 10.798 Thread 0x000002a27c605800 nmethod 1942 0x000002a208d48f10 code [0x000002a208d490c0, 0x000002a208d492e8]
Event: 10.799 Thread 0x000002a27c602000 1943       4       jdk.internal.loader.URLClassPath$JarLoader$2::getCodeSourceURL (8 bytes)
Event: 10.800 Thread 0x000002a27c602000 nmethod 1943 0x000002a20ff67490 code [0x000002a20ff67620, 0x000002a20ff67698]
Event: 10.804 Thread 0x000002a27c605800 1944       3       java.lang.invoke.MethodHandles$Lookup::<init> (15 bytes)
Event: 10.804 Thread 0x000002a27c605800 nmethod 1944 0x000002a208d49490 code [0x000002a208d49640, 0x000002a208d497f8]
Event: 10.811 Thread 0x000002a27c605800 1945       3       java.util.Collections::emptyIterator (4 bytes)
Event: 10.811 Thread 0x000002a27c605800 nmethod 1945 0x000002a208d49890 code [0x000002a208d49a20, 0x000002a208d49b18]

GC Heap History (7 events):
Event: 1.517 GC heap before
{Heap before GC invocations=0 (full 0):
 garbage-first heap   total 262144K, used 20480K [0x00000000e0000000, 0x0000000100000000)
  region size 1024K, 14 young (14336K), 0 survivors (0K)
 Metaspace       used 6772K, capacity 7001K, committed 7168K, reserved 262144K
  class space    used 584K, capacity 650K, committed 768K, reserved 253952K
}
Event: 1.556 GC heap after
{Heap after GC invocations=1 (full 0):
 garbage-first heap   total 262144K, used 7935K [0x00000000e0000000, 0x0000000100000000)
  region size 1024K, 2 young (2048K), 2 survivors (2048K)
 Metaspace       used 6772K, capacity 7001K, committed 7168K, reserved 262144K
  class space    used 584K, capacity 650K, committed 768K, reserved 253952K
}
Event: 2.610 GC heap before
{Heap before GC invocations=1 (full 0):
 garbage-first heap   total 262144K, used 20223K [0x00000000e0000000, 0x0000000100000000)
  region size 1024K, 14 young (14336K), 2 survivors (2048K)
 Metaspace       used 10234K, capacity 10498K, committed 10624K, reserved 264192K
  class space    used 1059K, capacity 1138K, committed 1152K, reserved 253952K
}
Event: 2.613 GC heap after
{Heap after GC invocations=2 (full 0):
 garbage-first heap   total 262144K, used 9636K [0x00000000e0000000, 0x0000000100000000)
  region size 1024K, 2 young (2048K), 2 survivors (2048K)
 Metaspace       used 10234K, capacity 10498K, committed 10624K, reserved 264192K
  class space    used 1059K, capacity 1138K, committed 1152K, reserved 253952K
}
Event: 4.168 GC heap before
{Heap before GC invocations=2 (full 0):
 garbage-first heap   total 262144K, used 40356K [0x00000000e0000000, 0x0000000100000000)
  region size 1024K, 32 young (32768K), 2 survivors (2048K)
 Metaspace       used 11189K, capacity 11451K, committed 11520K, reserved 264192K
  class space    used 1162K, capacity 1242K, committed 1280K, reserved 253952K
}
Event: 4.172 GC heap after
{Heap after GC invocations=3 (full 0):
 garbage-first heap   total 262144K, used 11753K [0x00000000e0000000, 0x0000000100000000)
  region size 1024K, 4 young (4096K), 4 survivors (4096K)
 Metaspace       used 11189K, capacity 11451K, committed 11520K, reserved 264192K
  class space    used 1162K, capacity 1242K, committed 1280K, reserved 253952K
}
Event: 10.817 GC heap before
{Heap before GC invocations=3 (full 0):
 garbage-first heap   total 262144K, used 56809K [0x00000000e0000000, 0x0000000100000000)
  region size 1024K, 48 young (49152K), 4 survivors (4096K)
 Metaspace       used 18530K, capacity 18946K, committed 19072K, reserved 272384K
  class space    used 2203K, capacity 2332K, committed 2432K, reserved 253952K
}

Deoptimization events (10 events):
Event: 5.782 Thread 0x000002a278cf9000 Uncommon trap: reason=unstable_if action=reinterpret pc=0x000002a20fed4d58 method=java.util.HashMap.putVal(ILjava/lang/Object;Ljava/lang/Object;ZZ)Ljava/lang/Object; @ 206 c2
Event: 6.023 Thread 0x000002a278cf9000 Uncommon trap: reason=unstable_if action=reinterpret pc=0x000002a20ff2894c method=java.util.HashMap.getNode(ILjava/lang/Object;)Ljava/util/HashMap$Node; @ 129 c2
Event: 6.098 Thread 0x000002a278cf9000 Uncommon trap: reason=bimorphic_or_optimized_type_check action=maybe_recompile pc=0x000002a20fefd7a4 method=java.util.AbstractList$Itr.hasNext()Z @ 8 c2
Event: 6.098 Thread 0x000002a278cf9000 Uncommon trap: reason=bimorphic_or_optimized_type_check action=maybe_recompile pc=0x000002a20fefdb20 method=java.util.AbstractList$Itr.next()Ljava/lang/Object; @ 14 c2
Event: 6.675 Thread 0x000002a278cf9000 Uncommon trap: reason=unstable_if action=reinterpret pc=0x000002a20fee29cc method=java.io.WinNTFileSystem.normalize(Ljava/lang/String;)Ljava/lang/String; @ 128 c2
Event: 9.716 Thread 0x000002a278cf9000 Uncommon trap: reason=bimorphic_or_optimized_type_check action=maybe_recompile pc=0x000002a20fefd7a4 method=java.util.AbstractList$Itr.hasNext()Z @ 8 c2
Event: 9.716 Thread 0x000002a278cf9000 Uncommon trap: reason=bimorphic_or_optimized_type_check action=maybe_recompile pc=0x000002a20fefdb20 method=java.util.AbstractList$Itr.next()Ljava/lang/Object; @ 14 c2
Event: 10.308 Thread 0x000002a27eaa2800 Uncommon trap: reason=bimorphic_or_optimized_type_check action=maybe_recompile pc=0x000002a20fefd7a4 method=java.util.AbstractList$Itr.hasNext()Z @ 8 c2
Event: 10.308 Thread 0x000002a27eaa2800 Uncommon trap: reason=bimorphic_or_optimized_type_check action=maybe_recompile pc=0x000002a20fefdb20 method=java.util.AbstractList$Itr.next()Ljava/lang/Object; @ 14 c2
Event: 10.335 Thread 0x000002a27df6e000 Uncommon trap: reason=unstable_if action=reinterpret pc=0x000002a20ff4ff10 method=java.lang.ThreadLocal$ThreadLocalMap.getEntry(Ljava/lang/ThreadLocal;)Ljava/lang/ThreadLocal$ThreadLocalMap$Entry; @ 29 c2

Classes redefined (0 events):
No events

Internal exceptions (10 events):
Event: 7.088 Thread 0x000002a278cf9000 Exception <a 'java/lang/NoSuchMethodError'{0x00000000ee541240}: java.lang.invoke.DirectMethodHandle$Holder.invokeStaticInit(Ljava/lang/Object;Ljava/lang/Object;IIII)Ljava/lang/Object;> (0x00000000ee541240) thrown at [./open/src/hotspot/share/interpreter/l
Event: 10.247 Thread 0x000002a278cf9000 Exception <a 'java/io/IOException'{0x00000000ee3816f0}> (0x00000000ee3816f0) thrown at [./open/src/hotspot/share/prims/jni.cpp, line 611]
Event: 10.364 Thread 0x000002a27df6e000 Exception <a 'java/lang/NoSuchMethodError'{0x00000000ee18b830}: static Lorg/gradle/tooling/internal/provider/serialization/ClassLoaderDetails;.<clinit>()V> (0x00000000ee18b830) thrown at [./open/src/hotspot/share/prims/jni.cpp, line 1362]
Event: 10.368 Thread 0x000002a27df6e000 Exception <a 'java/lang/NoSuchMethodError'{0x00000000ee1a3668}: static Lorg/gradle/internal/classloader/ClassLoaderSpec;.<clinit>()V> (0x00000000ee1a3668) thrown at [./open/src/hotspot/share/prims/jni.cpp, line 1362]
Event: 10.369 Thread 0x000002a27df6e000 Exception <a 'java/lang/NoSuchMethodError'{0x00000000ee1ad070}: static Lorg/gradle/tooling/internal/provider/serialization/WellKnownClassLoaderRegistry$KnownClassLoaderSpec;.<clinit>()V> (0x00000000ee1ad070) thrown at [./open/src/hotspot/share/prims/jni.c
Event: 10.374 Thread 0x000002a27df6e000 Exception <a 'java/lang/NoSuchMethodError'{0x00000000ee1c2460}: static Lorg/gradle/tooling/internal/provider/serialization/ClientOwnedClassLoaderSpec;.<clinit>()V> (0x00000000ee1c2460) thrown at [./open/src/hotspot/share/prims/jni.cpp, line 1362]
Event: 10.489 Thread 0x000002a27d255800 Exception <a 'java/lang/NoSuchMethodError'{0x00000000edae2350}: java.lang.invoke.DirectMethodHandle$Holder.invokeVirtual(Ljava/lang/Object;Ljava/lang/Object;Ljava/lang/Object;Ljava/lang/Object;)V> (0x00000000edae2350) thrown at [./open/src/hotspot/share/i
Event: 10.491 Thread 0x000002a27d255800 Exception <a 'java/lang/NoSuchMethodError'{0x00000000edaf1520}: java.lang.invoke.DelegatingMethodHandle$Holder.reinvoke_L(Ljava/lang/Object;Ljava/lang/Object;Ljava/lang/Object;Ljava/lang/Object;)V> (0x00000000edaf1520) thrown at [./open/src/hotspot/share/
Event: 10.497 Thread 0x000002a27d255800 Exception <a 'java/lang/NoSuchMethodError'{0x00000000ed924370}: java.lang.invoke.DirectMethodHandle$Holder.invokeInterface(Ljava/lang/Object;Ljava/lang/Object;)J> (0x00000000ed924370) thrown at [./open/src/hotspot/share/interpreter/linkResolver.cpp, line 
Event: 10.500 Thread 0x000002a27d255800 Exception <a 'java/lang/NoSuchMethodError'{0x00000000ed947a08}: java.lang.invoke.DelegatingMethodHandle$Holder.reinvoke_L(Ljava/lang/Object;Ljava/lang/Object;Ljava/lang/Object;Ljava/lang/Object;Ljava/lang/Object;Ljava/lang/Object;Ljava/lang/Object;)V> (0x

Events (10 events):
Event: 10.815 loading class org/gradle/internal/instantiation/generator/ClassGenerator done
Event: 10.816 loading class com/google/common/collect/ImmutableMultimap
Event: 10.816 loading class com/google/common/collect/ImmutableMultimap done
Event: 10.816 loading class com/google/common/collect/BaseImmutableMultimap
Event: 10.816 loading class com/google/common/collect/BaseImmutableMultimap done
Event: 10.816 loading class com/google/common/collect/AbstractMultimap
Event: 10.816 loading class com/google/common/collect/AbstractMultimap done
Event: 10.817 loading class com/google/common/collect/ImmutableListMultimap
Event: 10.817 loading class com/google/common/collect/ImmutableListMultimap done
Event: 10.817 Executing VM operation: G1CollectForAllocation


Dynamic libraries:
0x00007ff754a10000 - 0x00007ff754a1f000 	C:\Program Files\Java\jdk-11.0.11\bin\java.exe
0x00007ffb03570000 - 0x00007ffb03765000 	C:\WINDOWS\SYSTEM32\ntdll.dll
0x00007ffb01b10000 - 0x00007ffb01bcd000 	C:\WINDOWS\System32\KERNEL32.DLL
0x00007ffb00d30000 - 0x00007ffb00ff9000 	C:\WINDOWS\System32\KERNELBASE.dll
0x00007ffb014d0000 - 0x00007ffb015d0000 	C:\WINDOWS\System32\ucrtbase.dll
0x00007ffadfed0000 - 0x00007ffadfee5000 	C:\Program Files\Java\jdk-11.0.11\bin\VCRUNTIME140.dll
0x00007ffadffc0000 - 0x00007ffadffd8000 	C:\Program Files\Java\jdk-11.0.11\bin\jli.dll
0x00007ffb015d0000 - 0x00007ffb0167c000 	C:\WINDOWS\System32\ADVAPI32.dll
0x00007ffb031e0000 - 0x00007ffb0327e000 	C:\WINDOWS\System32\msvcrt.dll
0x00007ffb03140000 - 0x00007ffb031db000 	C:\WINDOWS\System32\sechost.dll
0x00007ffb03400000 - 0x00007ffb0352a000 	C:\WINDOWS\System32\RPCRT4.dll
0x00007ffb01770000 - 0x00007ffb01910000 	C:\WINDOWS\System32\USER32.dll
0x00007ffb01400000 - 0x00007ffb01422000 	C:\WINDOWS\System32\win32u.dll
0x00007ffb01ad0000 - 0x00007ffb01afa000 	C:\WINDOWS\System32\GDI32.dll
0x00007ffb01080000 - 0x00007ffb0118b000 	C:\WINDOWS\System32\gdi32full.dll
0x00007ffb01430000 - 0x00007ffb014cd000 	C:\WINDOWS\System32\msvcp_win.dll
0x00007ffaeb910000 - 0x00007ffaebbaa000 	C:\WINDOWS\WinSxS\amd64_microsoft.windows.common-controls_6595b64144ccf1df_6.0.19041.1110_none_60b5254171f9507e\COMCTL32.dll
0x00007ffaf8870000 - 0x00007ffaf887a000 	C:\WINDOWS\SYSTEM32\VERSION.dll
0x00007ffb01aa0000 - 0x00007ffb01ad0000 	C:\WINDOWS\System32\IMM32.DLL
0x00007ffad32e0000 - 0x00007ffad337b000 	C:\Program Files\Java\jdk-11.0.11\bin\msvcp140.dll
0x00007ffabd6a0000 - 0x00007ffabe19e000 	C:\Program Files\Java\jdk-11.0.11\bin\server\jvm.dll
0x00007ffb03390000 - 0x00007ffb03398000 	C:\WINDOWS\System32\PSAPI.DLL
0x00007ffae8cd0000 - 0x00007ffae8cd9000 	C:\WINDOWS\SYSTEM32\WSOCK32.dll
0x00007ffb02960000 - 0x00007ffb029cb000 	C:\WINDOWS\System32\WS2_32.dll
0x00007ffaf7240000 - 0x00007ffaf7267000 	C:\WINDOWS\SYSTEM32\WINMM.dll
0x00007ffaff840000 - 0x00007ffaff852000 	C:\WINDOWS\SYSTEM32\kernel.appcore.dll
0x00007ffafaa20000 - 0x00007ffafaa30000 	C:\Program Files\Java\jdk-11.0.11\bin\verify.dll
0x00007ffae9fe0000 - 0x00007ffaea1c4000 	C:\WINDOWS\SYSTEM32\DBGHELP.DLL
0x00007ffae9b00000 - 0x00007ffae9b2c000 	C:\WINDOWS\SYSTEM32\dbgcore.DLL
0x00007ffb00ca0000 - 0x00007ffb00d23000 	C:\WINDOWS\System32\bcryptPrimitives.dll
0x00007ffadf2d0000 - 0x00007ffadf2f8000 	C:\Program Files\Java\jdk-11.0.11\bin\java.dll
0x00007ffae00e0000 - 0x00007ffae00ea000 	C:\Program Files\Java\jdk-11.0.11\bin\jimage.dll
0x00007ffadfd70000 - 0x00007ffadfd86000 	C:\Program Files\Java\jdk-11.0.11\bin\zip.dll
0x00007ffb02220000 - 0x00007ffb0295f000 	C:\WINDOWS\System32\SHELL32.dll
0x00007ffafec00000 - 0x00007ffaff390000 	C:\WINDOWS\SYSTEM32\windows.storage.dll
0x00007ffb02cb0000 - 0x00007ffb03005000 	C:\WINDOWS\System32\combase.dll
0x00007ffb00550000 - 0x00007ffb0057c000 	C:\WINDOWS\SYSTEM32\Wldp.dll
0x00007ffb03280000 - 0x00007ffb0332e000 	C:\WINDOWS\System32\SHCORE.dll
0x00007ffb03330000 - 0x00007ffb03385000 	C:\WINDOWS\System32\shlwapi.dll
0x00007ffb00be0000 - 0x00007ffb00bff000 	C:\WINDOWS\SYSTEM32\profapi.dll
0x00007ffadfd30000 - 0x00007ffadfd49000 	C:\Program Files\Java\jdk-11.0.11\bin\net.dll
0x00007ffaf7780000 - 0x00007ffaf7888000 	C:\WINDOWS\SYSTEM32\WINHTTP.dll
0x00007ffb00330000 - 0x00007ffb0039a000 	C:\WINDOWS\system32\mswsock.dll
0x00007ffadefb0000 - 0x00007ffadefc2000 	C:\Program Files\Java\jdk-11.0.11\bin\nio.dll
0x00007ffadfe40000 - 0x00007ffadfe67000 	C:\Users\Tiago\.gradle\native\8bec1ad78214c89d9ad589b4d07fe93259594b29d510b10fafb7a158f7737e5d\windows-amd64\native-platform.dll
0x00007ffad0e50000 - 0x00007ffad0f8d000 	C:\Users\Tiago\.gradle\native\53dbd7edfb1c66fb8903c78663c9afc45aea4f116125fa6feffd364cf09443e8\windows-amd64\native-platform-file-events.dll
0x00007ffadff40000 - 0x00007ffadff49000 	C:\Program Files\Java\jdk-11.0.11\bin\management.dll
0x00007ffadf000000 - 0x00007ffadf00b000 	C:\Program Files\Java\jdk-11.0.11\bin\management_ext.dll
0x00007ffb005f0000 - 0x00007ffb00608000 	C:\WINDOWS\SYSTEM32\CRYPTSP.dll
0x00007ffaffcd0000 - 0x00007ffaffd04000 	C:\WINDOWS\system32\rsaenh.dll
0x00007ffb01050000 - 0x00007ffb01077000 	C:\WINDOWS\System32\bcrypt.dll
0x00007ffb00ba0000 - 0x00007ffb00bce000 	C:\WINDOWS\SYSTEM32\USERENV.dll
0x00007ffb004c0000 - 0x00007ffb004cc000 	C:\WINDOWS\SYSTEM32\CRYPTBASE.dll
0x00007ffb00040000 - 0x00007ffb0007b000 	C:\WINDOWS\SYSTEM32\IPHLPAPI.DLL
0x00007ffb01760000 - 0x00007ffb01768000 	C:\WINDOWS\System32\NSI.dll
0x00007ffaf7a90000 - 0x00007ffaf7aa7000 	C:\WINDOWS\SYSTEM32\dhcpcsvc6.DLL
0x00007ffaf7900000 - 0x00007ffaf791d000 	C:\WINDOWS\SYSTEM32\dhcpcsvc.DLL
0x00007ffb00080000 - 0x00007ffb0014c000 	C:\WINDOWS\SYSTEM32\DNSAPI.dll

dbghelp: loaded successfully - version: 4.0.5 - missing functions: none
symbol engine: initialized successfully - sym options: 0x614 - pdb path: .;C:\Program Files\Java\jdk-11.0.11\bin;C:\WINDOWS\SYSTEM32;C:\WINDOWS\WinSxS\amd64_microsoft.windows.common-controls_6595b64144ccf1df_6.0.19041.1110_none_60b5254171f9507e;C:\Program Files\Java\jdk-11.0.11\bin\server;C:\Users\Tiago\.gradle\native\8bec1ad78214c89d9ad589b4d07fe93259594b29d510b10fafb7a158f7737e5d\windows-amd64;C:\Users\Tiago\.gradle\native\53dbd7edfb1c66fb8903c78663c9afc45aea4f116125fa6feffd364cf09443e8\windows-amd64

VM Arguments:
jvm_args: -XX:MaxMetaspaceSize=256m -XX:+HeapDumpOnOutOfMemoryError --add-opens=java.base/java.util=ALL-UNNAMED --add-opens=java.base/java.lang=ALL-UNNAMED --add-opens=java.base/java.lang.invoke=ALL-UNNAMED --add-opens=java.base/java.util=ALL-UNNAMED --add-opens=java.prefs/java.util.prefs=ALL-UNNAMED --add-opens=java.prefs/java.util.prefs=ALL-UNNAMED --add-opens=java.base/java.nio.charset=ALL-UNNAMED --add-opens=java.base/java.net=ALL-UNNAMED --add-opens=java.base/java.util.concurrent.atomic=ALL-UNNAMED -Xms256m -Xmx512m -Dfile.encoding=windows-1252 -Duser.country=BR -Duser.language=pt -Duser.variant 
java_command: org.gradle.launcher.daemon.bootstrap.GradleDaemon 7.1.1
java_class_path (initial): C:\Users\Tiago\.gradle\wrapper\dists\gradle-7.1.1-bin\f29rtwfnc96ub43tt7p47zsru\gradle-7.1.1\lib\gradle-launcher-7.1.1.jar
Launcher Type: SUN_STANDARD

[Global flags]
     intx CICompilerCount                          = 3                                         {product} {ergonomic}
   size_t CompressedClassSpaceSize                 = 260046848                                 {product} {ergonomic}
     uint ConcGCThreads                            = 1                                         {product} {ergonomic}
     uint G1ConcRefinementThreads                  = 4                                         {product} {ergonomic}
   size_t G1HeapRegionSize                         = 1048576                                   {product} {ergonomic}
    uintx GCDrainStackTargetSize                   = 64                                        {product} {ergonomic}
     bool HeapDumpOnOutOfMemoryError               = true                                   {manageable} {command line}
   size_t InitialHeapSize                          = 268435456                                 {product} {command line}
   size_t MarkStackSize                            = 4194304                                   {product} {ergonomic}
   size_t MaxHeapSize                              = 536870912                                 {product} {command line}
   size_t MaxMetaspaceSize                         = 268435456                                 {product} {command line}
   size_t MaxNewSize                               = 321912832                                 {product} {ergonomic}
   size_t MinHeapDeltaBytes                        = 1048576                                   {product} {ergonomic}
    uintx NonNMethodCodeHeapSize                   = 5830732                                {pd product} {ergonomic}
    uintx NonProfiledCodeHeapSize                  = 122913754                              {pd product} {ergonomic}
    uintx ProfiledCodeHeapSize                     = 122913754                              {pd product} {ergonomic}
    uintx ReservedCodeCacheSize                    = 251658240                              {pd product} {ergonomic}
     bool SegmentedCodeCache                       = true                                      {product} {ergonomic}
     bool UseCompressedClassPointers               = true                                 {lp64_product} {ergonomic}
     bool UseCompressedOops                        = true                                 {lp64_product} {ergonomic}
     bool UseG1GC                                  = true                                      {product} {ergonomic}
     bool UseLargePagesIndividualAllocation        = false                                  {pd product} {ergonomic}

Logging:
Log output configuration:
 #0: stdout all=warning uptime,level,tags
 #1: stderr all=off uptime,level,tags

Environment Variables:
JAVA_HOME=C:\Program Files\Java\jdk-11.0.11
CLASSPATH=.
PATH=C:\Program Files\Common Files\Oracle\Java\javapath;C:\Program Files (x86)\Common Files\Oracle\Java\javapath;C:\ProgramData\Oracle\Java\javapath;C:\Program Files (x86)\Intel\iCLS Client\;C:\Program Files\Intel\iCLS Client\;C:\WINDOWS\system32;C:\WINDOWS;C:\WINDOWS\System32\Wbem;C:\WINDOWS\System32\WindowsPowerShell\v1.0\;C:\Program Files\Intel\Intel(R) Management Engine Components\DAL;C:\Program Files\Intel\Intel(R) Management Engine Components\IPT;C:\Program Files (x86)\Intel\Intel(R) Management Engine Components\DAL;C:\Program Files (x86)\Intel\Intel(R) Management Engine Components\IPT;C:\Program Files\Java\jdk-11.0.11\bin;C:\Program Files\Microsoft SQL Server\110\Tools\Binn\;C:\Program Files\Microsoft SQL Server\120\Tools\Binn\;C:\Program Files (x86)\Windows Live\Shared;C:\Program Files (x86)\Brackets\command;C:\Users\Tiago\.dnx\bin;C:\Program Files\Microsoft DNX\Dnvm\;C:\Program Files\Microsoft SQL Server\130\Tools\Binn\;C:\Program Files (x86)\Windows Kits\8.1\Windows Performance Toolkit\;C:\Users\Tiago\AppData\Roaming\npm;C:\Program Files (x86)\NVIDIA Corporation\PhysX\Common;C:\WINDOWS\System32\OpenSSH\;C:\WINDOWS\system32;C:\WINDOWS;C:\WINDOWS\System32\Wbem;C:\WINDOWS\System32\WindowsPowerShell\v1.0\;C:\WINDOWS\System32\OpenSSH\;C:\Python37;C:\Python37\Lib;C:\Python37\DLLs;C:\Python37\Scripts;C:\Program Files (x86)\Yarn\bin\;C:\Program Files\Git\cmd;C:\nodejs\;C:\opt\gradle\gradle-7.1.1\bin;C:\opt\maven\apache-maven-3.8.1\bin;C:\Program Files\MySQL\MySQL Server 8.0\bin;;C:\Program Files\Docker\Docker\resources\bin;C:\ProgramData\DockerDesktop\version-bin;C:\Program Files\MySQL\MySQL Shell 8.0\bin\;C:\Users\Tiago\AppData\Local\Microsoft\WindowsApps;C:\Users\Tiago\AppData\Local\Programs\Microsoft VS Code\bin;C:\Program Files\JetBrains\PyCharm Community Edition 2019.3.1\bin;;C:\Users\Tiago\AppData\Local\Yarn\bin;C:\Program Files\MongoDB\Server\4.4\bin;C:\Program Files\MongoDB\Tools\100\bin;C:\Program Files\heroku\bin;C:\Users\Tiago\AppData\Roaming\npm
USERNAME=Tiago
OS=Windows_NT
PROCESSOR_IDENTIFIER=Intel64 Family 6 Model 58 Stepping 9, GenuineIntel



---------------  S Y S T E M  ---------------

OS: Windows 10 , 64 bit Build 19041 (10.0.19041.1151)
Hyper-V role detected

CPU:total 4 (initial active 4) (4 cores per cpu, 1 threads per core) family 6 model 58 stepping 9 microcode 0x21, cmov, cx8, fxsr, mmx, sse, sse2, sse3, ssse3, sse4.1, sse4.2, popcnt, avx, aes, clmul, erms, tsc, tscinvbit, tscinv

Memory: 4k page, system-wide physical 8138M (775M free)
TotalPageFile size 16657M (AvailPageFile size 4769M)
current process WorkingSet (physical memory assigned to process): 141M, peak: 141M
current process commit charge ("private bytes"): 370M, peak: 370M

vm_info: Java HotSpot(TM) 64-Bit Server VM (11.0.11+9-LTS-194) for windows-amd64 JRE (11.0.11+9-LTS-194), built on Mar 18 2021 18:46:53 by "mach5one" with MS VC++ 15.9 (VS2017)

END.
